<?xml version="1.0" encoding="UTF-8"?>
<!-- Generated by org.testng.reporters.JUnitReportReporter -->
<testsuite skipped="0" hostname="tiladmins-MacBook-Pro-22.local" name="hands.on.appium_ios.MobileNativeAppExample" tests="1" failures="0" timestamp="11 Feb 2020 15:39:03 GMT" time="6.475" errors="0">
  <testcase name="testAppActivity" time="6.475" classname="hands.on.appium_ios.MobileNativeAppExample"/>
</testsuite> <!-- hands.on.appium_ios.MobileNativeAppExample -->
