<?xml version="1.0" encoding="UTF-8"?>
<!-- Generated by org.testng.reporters.JUnitReportReporter -->
<testsuite skipped="0" hostname="tiladmins-MacBook-Pro-22.local" name="hands.on.appium_ios.Example001" tests="1" failures="0" timestamp="07 Feb 2020 13:24:08 GMT" time="37.533" errors="0">
  <testcase name="test001" time="37.533" classname="hands.on.appium_ios.Example001"/>
</testsuite> <!-- hands.on.appium_ios.Example001 -->
