<?xml version="1.0" encoding="UTF-8"?>
<!-- Generated by org.testng.reporters.JUnitReportReporter -->
<testsuite skipped="0" hostname="tiladmins-MacBook-Pro-22.local" name="hands.on.appium_ios.basic.HideKeyboard" tests="1" failures="0" timestamp="14 Feb 2020 13:20:22 GMT" time="33.400" errors="0">
  <testcase name="testAppActivity" time="33.400" classname="hands.on.appium_ios.basic.HideKeyboard"/>
</testsuite> <!-- hands.on.appium_ios.basic.HideKeyboard -->
