<?xml version="1.0" encoding="UTF-8"?>
<!-- Generated by org.testng.reporters.JUnitReportReporter -->
<testsuite skipped="0" hostname="tiladmins-MacBook-Pro-22.local" name="hands.on.appium_ios.executeScript.scrollDownExample" tests="1" failures="0" timestamp="13 Feb 2020 14:02:43 GMT" time="45.409" errors="0">
  <testcase name="testAppActivity" time="45.409" classname="hands.on.appium_ios.executeScript.scrollDownExample"/>
</testsuite> <!-- hands.on.appium_ios.executeScript.scrollDownExample -->
