<?xml version="1.0" encoding="UTF-8"?>
<!-- Generated by org.testng.reporters.JUnitReportReporter -->
<testsuite skipped="0" hostname="tiladmins-MacBook-Pro-22.local" name="hands.on.appium_ios.MobileWebAppExample2" tests="1" failures="0" timestamp="07 Feb 2020 13:33:12 GMT" time="14.338" errors="0">
  <testcase name="testAppiumProSite_iOS" time="14.338" classname="hands.on.appium_ios.MobileWebAppExample2"/>
</testsuite> <!-- hands.on.appium_ios.MobileWebAppExample2 -->
